<?xml version="1.0" encoding="UTF-8"?>
<testsuites name="jest tests" tests="4" failures="0" errors="0" time="3.174">
  <testsuite name="App Component" errors="0" failures="0" skipped="0" timestamp="2024-09-07T15:45:55" time="2.038" tests="2">
    <testcase classname="App Component renders the button with correct label" name="App Component renders the button with correct label" time="0.044">
    </testcase>
    <testcase classname="App Component button click triggers alert with correct message" name="App Component button click triggers alert with correct message" time="0.01">
    </testcase>
  </testsuite>
  <testsuite name="Button Component" errors="0" failures="0" skipped="0" timestamp="2024-09-07T15:45:55" time="2.067" tests="2">
    <testcase classname="Button Component renders the button with the provided label" name="Button Component renders the button with the provided label" time="0.085">
    </testcase>
    <testcase classname="Button Component calls onClick function when clicked" name="Button Component calls onClick function when clicked" time="0.013">
    </testcase>
  </testsuite>
</testsuites>